TN:
SF:src/main.js
FN:23,walk
FN:40,(anonymous_1)
FN:45,(anonymous_2)
FN:57,goNext
FN:66,findType
FN:74,generateList
FN:79,validateForInsertion
FN:89,copyObject
FN:96,(anonymous_8)
FN:111,(anonymous_9)
FN:121,(anonymous_10)
FN:134,(anonymous_11)
FN:145,(anonymous_12)
FN:168,(anonymous_13)
FN:185,(anonymous_14)
FNF:15
FNH:15
FNDA:18,walk
FNDA:5,(anonymous_1)
FNDA:10,(anonymous_2)
FNDA:15,goNext
FNDA:296,findType
FNDA:22,generateList
FNDA:65,validateForInsertion
FNDA:38,copyObject
FNDA:114,(anonymous_8)
FNDA:11,(anonymous_9)
FNDA:113,(anonymous_10)
FNDA:17,(anonymous_11)
FNDA:104,(anonymous_12)
FNDA:22,(anonymous_13)
FNDA:37,(anonymous_14)
DA:19,1
DA:29,18
DA:31,18
DA:32,18
DA:33,18
DA:34,18
DA:36,18
DA:38,5
DA:39,5
DA:40,5
DA:41,5
DA:43,11
DA:44,11
DA:46,10
DA:48,11
DA:50,2
DA:52,18
DA:58,15
DA:59,22
DA:61,15
DA:67,296
DA:68,206
DA:69,113
DA:75,22
DA:80,65
DA:81,65
DA:82,37
DA:83,37
DA:84,1
DA:91,38
DA:92,38
DA:93,38
DA:94,38
DA:96,38
DA:98,114
DA:99,114
DA:100,114
DA:101,114
DA:102,114
DA:103,114
DA:104,114
DA:105,114
DA:108,114
DA:109,22
DA:111,11
DA:118,92
DA:121,114
DA:122,113
DA:123,21
DA:124,21
DA:126,113
DA:127,9
DA:128,9
DA:130,104
DA:131,84
DA:132,84
DA:134,17
DA:141,20
DA:145,114
DA:146,104
DA:147,17
DA:148,17
DA:150,87
DA:151,20
DA:152,20
DA:154,67
DA:155,29
DA:156,29
DA:158,67
DA:159,65
DA:160,65
DA:161,29
DA:162,65
DA:163,65
DA:165,2
DA:168,114
DA:169,22
DA:170,8
DA:171,8
DA:172,5
DA:173,8
DA:174,8
DA:176,22
DA:177,14
DA:178,14
DA:179,13
DA:180,14
DA:181,14
DA:185,38
DA:186,38
DA:191,1
LF:91
LH:91
BRDA:25,0,0,9
BRDA:26,1,0,13
BRDA:36,2,0,5
BRDA:36,2,1,11
BRDA:36,2,2,2
BRDA:67,3,0,90
BRDA:67,3,1,206
BRDA:68,4,0,93
BRDA:68,4,1,113
BRDA:81,5,0,28
BRDA:81,5,1,37
BRDA:83,6,0,36
BRDA:83,6,1,1
BRDA:100,7,0,114
BRDA:100,7,1,31
BRDA:108,8,0,22
BRDA:108,8,1,92
BRDA:122,9,0,21
BRDA:122,9,1,92
BRDA:126,10,0,9
BRDA:126,10,1,104
BRDA:130,11,0,84
BRDA:130,11,1,20
BRDA:131,12,0,38
BRDA:131,12,1,46
BRDA:146,13,0,17
BRDA:146,13,1,87
BRDA:150,14,0,20
BRDA:150,14,1,67
BRDA:154,15,0,29
BRDA:154,15,1,38
BRDA:158,16,0,65
BRDA:158,16,1,2
BRDA:160,17,0,36
BRDA:160,17,1,29
BRDA:169,18,0,8
BRDA:169,18,1,14
BRDA:171,19,0,3
BRDA:171,19,1,5
BRDA:171,20,0,8
BRDA:171,20,1,3
BRDA:176,21,0,14
BRDA:176,21,1,8
BRDA:178,22,0,1
BRDA:178,22,1,13
BRDA:178,23,0,14
BRDA:178,23,1,1
BRF:47
BRH:47
end_of_record
